<?xml version="1.0" encoding="UTF-8"?>
<!-- Generated by org.testng.reporters.JUnitReportReporter -->
<testsuite hostname="Vietnam-4341" failures="0" tests="1" name="testpackage.Demo" time="7.344" errors="0" timestamp="2024-03-08T10:31:55 ICT" skipped="0">
  <testcase classname="testpackage.Demo" name="loginTest" time="7.344"/>
</testsuite> <!-- testpackage.Demo -->
