<?xml version="1.0" encoding="UTF-8"?>
<!-- Generated by org.testng.reporters.JUnitReportReporter -->
<testsuite hostname="Vietnam-4341" failures="0" tests="1" name="testpackage.Demo" time="11.413" errors="0" timestamp="2024-02-20T09:51:30 ICT" skipped="0">
  <testcase classname="testpackage.Demo" name="test" time="11.413"/>
</testsuite> <!-- testpackage.Demo -->
