<?xml version="1.0" encoding="UTF-8"?>
<!-- Generated by org.testng.reporters.JUnitReportReporter -->
<testsuite hostname="Vietnam-4341" failures="0" tests="1" name="testpackage.MavenTest1" time="51.893" errors="0" timestamp="2024-02-15T10:13:40 ICT" skipped="0">
  <testcase classname="testpackage.MavenTest1" name="test" time="51.893"/>
</testsuite> <!-- testpackage.MavenTest1 -->
